Jul 19 15:08:24 +0530 OX-596f13781e778 [    error]  Smarty error: the $compile_dir '/Users/yogeshingale/Sites/www/revive/var/templates_compiled' does not exist, or is not a directory.
Jul 19 15:08:24 +0530 OX-596f13781e778 [  warning]  include(/Users/yogeshingale/Sites/www/revive/var/templates_compiled/%%72^729^729250E1%%main.html.php): failed to open stream: No such file or directory
Jul 19 15:08:24 +0530 OX-596f13781e778 [  warning]  include(): Failed opening '/Users/yogeshingale/Sites/www/revive/var/templates_compiled/%%72^729^729250E1%%main.html.php' for inclusion (include_path='/Users/yogeshingale/Sites/www/revive/lib/pear:/Users/yogeshingale/Sites/www/revive/lib:.:')
Jul 19 15:08:24 +0530 OX-596f13781e778 [    error]  Smarty error: the $compile_dir '/Users/yogeshingale/Sites/www/revive/var/templates_compiled' does not exist, or is not a directory.
Jul 19 15:08:24 +0530 OX-596f13781e778 [  warning]  include(/Users/yogeshingale/Sites/www/revive/var/templates_compiled/%%52^523^52372D8B%%styles.html.php): failed to open stream: No such file or directory
Jul 19 15:08:24 +0530 OX-596f13781e778 [  warning]  include(): Failed opening '/Users/yogeshingale/Sites/www/revive/var/templates_compiled/%%52^523^52372D8B%%styles.html.php' for inclusion (include_path='/Users/yogeshingale/Sites/www/revive/lib/pear:/Users/yogeshingale/Sites/www/revive/lib:.:')
Jul 19 15:08:24 +0530 OX-596f13781e778 [    error]  Smarty error: the $compile_dir '/Users/yogeshingale/Sites/www/revive/var/templates_compiled' does not exist, or is not a directory.
Jul 19 15:08:24 +0530 OX-596f13781e778 [  warning]  include(/Users/yogeshingale/Sites/www/revive/var/templates_compiled/%%5F^5FF^5FF83613%%scripts.html.php): failed to open stream: No such file or directory
Jul 19 15:08:24 +0530 OX-596f13781e778 [  warning]  include(): Failed opening '/Users/yogeshingale/Sites/www/revive/var/templates_compiled/%%5F^5FF^5FF83613%%scripts.html.php' for inclusion (include_path='/Users/yogeshingale/Sites/www/revive/lib/pear:/Users/yogeshingale/Sites/www/revive/lib:.:')
Jul 19 15:08:24 +0530 OX-596f13781e778 [    error]  Smarty error: the $compile_dir '/Users/yogeshingale/Sites/www/revive/var/templates_compiled' does not exist, or is not a directory.
Jul 19 15:08:24 +0530 OX-596f13781e778 [  warning]  include(/Users/yogeshingale/Sites/www/revive/var/templates_compiled/%%C6^C65^C65F6134%%branding.html.php): failed to open stream: No such file or directory
Jul 19 15:08:24 +0530 OX-596f13781e778 [  warning]  include(): Failed opening '/Users/yogeshingale/Sites/www/revive/var/templates_compiled/%%C6^C65^C65F6134%%branding.html.php' for inclusion (include_path='/Users/yogeshingale/Sites/www/revive/lib/pear:/Users/yogeshingale/Sites/www/revive/lib:.:')
Jul 19 15:08:24 +0530 OX-596f13781e778 [    error]  Smarty error: the $compile_dir '/Users/yogeshingale/Sites/www/revive/var/templates_compiled' does not exist, or is not a directory.
Jul 19 15:08:24 +0530 OX-596f13781e778 [  warning]  include(/Users/yogeshingale/Sites/www/revive/var/templates_compiled/%%7C^7C5^7C541EE6%%content-header.html.php): failed to open stream: No such file or directory
Jul 19 15:08:24 +0530 OX-596f13781e778 [  warning]  include(): Failed opening '/Users/yogeshingale/Sites/www/revive/var/templates_compiled/%%7C^7C5^7C541EE6%%content-header.html.php' for inclusion (include_path='/Users/yogeshingale/Sites/www/revive/lib/pear:/Users/yogeshingale/Sites/www/revive/lib:.:')
Jul 19 15:08:24 +0530 OX-596f13781e778 [    error]  Smarty error: the $compile_dir '/Users/yogeshingale/Sites/www/revive/var/templates_compiled' does not exist, or is not a directory.
Jul 19 15:08:24 +0530 OX-596f13781e778 [  warning]  include(/Users/yogeshingale/Sites/www/revive/var/templates_compiled/%%13^131^131103E5%%breadcrumbs-title.html.php): failed to open stream: No such file or directory
Jul 19 15:08:24 +0530 OX-596f13781e778 [  warning]  include(): Failed opening '/Users/yogeshingale/Sites/www/revive/var/templates_compiled/%%13^131^131103E5%%breadcrumbs-title.html.php' for inclusion (include_path='/Users/yogeshingale/Sites/www/revive/lib/pear:/Users/yogeshingale/Sites/www/revive/lib:.:')
Jul 19 15:08:24 +0530 OX-596f13781e778 [    error]  Smarty error: the $compile_dir '/Users/yogeshingale/Sites/www/revive/var/templates_compiled' does not exist, or is not a directory.
Jul 19 15:08:24 +0530 OX-596f13781e778 [  warning]  include(/Users/yogeshingale/Sites/www/revive/var/templates_compiled/%%7C^7C3^7C37C96B%%section-navigation.html.php): failed to open stream: No such file or directory
Jul 19 15:08:24 +0530 OX-596f13781e778 [  warning]  include(): Failed opening '/Users/yogeshingale/Sites/www/revive/var/templates_compiled/%%7C^7C3^7C37C96B%%section-navigation.html.php' for inclusion (include_path='/Users/yogeshingale/Sites/www/revive/lib/pear:/Users/yogeshingale/Sites/www/revive/lib:.:')
Jul 19 15:08:24 +0530 OX-596f13781e778 [    error]  Smarty error: the $compile_dir '/Users/yogeshingale/Sites/www/revive/var/templates_compiled' does not exist, or is not a directory.
Jul 19 15:08:24 +0530 OX-596f13781e778 [  warning]  include(/Users/yogeshingale/Sites/www/revive/var/templates_compiled/%%49^49A^49AC3D13%%welcome-step.html.php): failed to open stream: No such file or directory
Jul 19 15:08:24 +0530 OX-596f13781e778 [  warning]  include(): Failed opening '/Users/yogeshingale/Sites/www/revive/var/templates_compiled/%%49^49A^49AC3D13%%welcome-step.html.php' for inclusion (include_path='/Users/yogeshingale/Sites/www/revive/lib/pear:/Users/yogeshingale/Sites/www/revive/lib:.:')
Jul 19 15:08:24 +0530 OX-596f13781e778 [    error]  Smarty error: the $compile_dir '/Users/yogeshingale/Sites/www/revive/var/templates_compiled' does not exist, or is not a directory.
Jul 19 15:08:24 +0530 OX-596f13781e778 [  warning]  include(/Users/yogeshingale/Sites/www/revive/var/templates_compiled/%%66^662^66282EE8%%wizard-steps.html.php): failed to open stream: No such file or directory
Jul 19 15:08:24 +0530 OX-596f13781e778 [  warning]  include(): Failed opening '/Users/yogeshingale/Sites/www/revive/var/templates_compiled/%%66^662^66282EE8%%wizard-steps.html.php' for inclusion (include_path='/Users/yogeshingale/Sites/www/revive/lib/pear:/Users/yogeshingale/Sites/www/revive/lib:.:')
Jul 19 15:08:24 +0530 OX-596f13781e778 [    error]  Smarty error: the $compile_dir '/Users/yogeshingale/Sites/www/revive/var/templates_compiled' does not exist, or is not a directory.
Jul 19 15:08:24 +0530 OX-596f13781e778 [  warning]  include(/Users/yogeshingale/Sites/www/revive/var/templates_compiled/%%72^729^729250E1%%main.html.php): failed to open stream: No such file or directory
Jul 19 15:08:24 +0530 OX-596f13781e778 [  warning]  include(): Failed opening '/Users/yogeshingale/Sites/www/revive/var/templates_compiled/%%72^729^729250E1%%main.html.php' for inclusion (include_path='/Users/yogeshingale/Sites/www/revive/lib/pear:/Users/yogeshingale/Sites/www/revive/lib:.:')
Jul 19 15:08:24 +0530 OX-596f13781e778 [    error]  Smarty error: the $compile_dir '/Users/yogeshingale/Sites/www/revive/var/templates_compiled' does not exist, or is not a directory.
Jul 19 15:08:24 +0530 OX-596f13781e778 [  warning]  include(/Users/yogeshingale/Sites/www/revive/var/templates_compiled/%%8D^8D7^8D794F90%%content-footer.html.php): failed to open stream: No such file or directory
Jul 19 15:08:24 +0530 OX-596f13781e778 [  warning]  include(): Failed opening '/Users/yogeshingale/Sites/www/revive/var/templates_compiled/%%8D^8D7^8D794F90%%content-footer.html.php' for inclusion (include_path='/Users/yogeshingale/Sites/www/revive/lib/pear:/Users/yogeshingale/Sites/www/revive/lib:.:')
Jul 19 15:08:24 +0530 OX-596f13781e778 [    error]  Smarty error: the $compile_dir '/Users/yogeshingale/Sites/www/revive/var/templates_compiled' does not exist, or is not a directory.
Jul 19 15:08:24 +0530 OX-596f13781e778 [  warning]  include(/Users/yogeshingale/Sites/www/revive/var/templates_compiled/%%78^783^7838842A%%messages.html.php): failed to open stream: No such file or directory
Jul 19 15:08:24 +0530 OX-596f13781e778 [  warning]  include(): Failed opening '/Users/yogeshingale/Sites/www/revive/var/templates_compiled/%%78^783^7838842A%%messages.html.php' for inclusion (include_path='/Users/yogeshingale/Sites/www/revive/lib/pear:/Users/yogeshingale/Sites/www/revive/lib:.:')
Jul 19 15:08:28 +0530 OX-596f137c46c8a [    error]  Smarty error: the $compile_dir '/Users/yogeshingale/Sites/www/revive/var/templates_compiled' does not exist, or is not a directory.
Jul 19 15:08:28 +0530 OX-596f137c46c8a [  warning]  include(/Users/yogeshingale/Sites/www/revive/var/templates_compiled/%%72^729^729250E1%%main.html.php): failed to open stream: No such file or directory
Jul 19 15:08:28 +0530 OX-596f137c46c8a [  warning]  include(): Failed opening '/Users/yogeshingale/Sites/www/revive/var/templates_compiled/%%72^729^729250E1%%main.html.php' for inclusion (include_path='/Users/yogeshingale/Sites/www/revive/lib/pear:/Users/yogeshingale/Sites/www/revive/lib:.:')
Jul 19 15:08:28 +0530 OX-596f137c46c8a [    error]  Smarty error: the $compile_dir '/Users/yogeshingale/Sites/www/revive/var/templates_compiled' does not exist, or is not a directory.
Jul 19 15:08:28 +0530 OX-596f137c46c8a [  warning]  include(/Users/yogeshingale/Sites/www/revive/var/templates_compiled/%%52^523^52372D8B%%styles.html.php): failed to open stream: No such file or directory
Jul 19 15:08:28 +0530 OX-596f137c46c8a [  warning]  include(): Failed opening '/Users/yogeshingale/Sites/www/revive/var/templates_compiled/%%52^523^52372D8B%%styles.html.php' for inclusion (include_path='/Users/yogeshingale/Sites/www/revive/lib/pear:/Users/yogeshingale/Sites/www/revive/lib:.:')
Jul 19 15:08:28 +0530 OX-596f137c46c8a [    error]  Smarty error: the $compile_dir '/Users/yogeshingale/Sites/www/revive/var/templates_compiled' does not exist, or is not a directory.
Jul 19 15:08:28 +0530 OX-596f137c46c8a [  warning]  include(/Users/yogeshingale/Sites/www/revive/var/templates_compiled/%%5F^5FF^5FF83613%%scripts.html.php): failed to open stream: No such file or directory
Jul 19 15:08:28 +0530 OX-596f137c46c8a [  warning]  include(): Failed opening '/Users/yogeshingale/Sites/www/revive/var/templates_compiled/%%5F^5FF^5FF83613%%scripts.html.php' for inclusion (include_path='/Users/yogeshingale/Sites/www/revive/lib/pear:/Users/yogeshingale/Sites/www/revive/lib:.:')
Jul 19 15:08:28 +0530 OX-596f137c46c8a [    error]  Smarty error: the $compile_dir '/Users/yogeshingale/Sites/www/revive/var/templates_compiled' does not exist, or is not a directory.
Jul 19 15:08:28 +0530 OX-596f137c46c8a [  warning]  include(/Users/yogeshingale/Sites/www/revive/var/templates_compiled/%%C6^C65^C65F6134%%branding.html.php): failed to open stream: No such file or directory
Jul 19 15:08:28 +0530 OX-596f137c46c8a [  warning]  include(): Failed opening '/Users/yogeshingale/Sites/www/revive/var/templates_compiled/%%C6^C65^C65F6134%%branding.html.php' for inclusion (include_path='/Users/yogeshingale/Sites/www/revive/lib/pear:/Users/yogeshingale/Sites/www/revive/lib:.:')
Jul 19 15:08:28 +0530 OX-596f137c46c8a [    error]  Smarty error: the $compile_dir '/Users/yogeshingale/Sites/www/revive/var/templates_compiled' does not exist, or is not a directory.
Jul 19 15:08:28 +0530 OX-596f137c46c8a [  warning]  include(/Users/yogeshingale/Sites/www/revive/var/templates_compiled/%%7C^7C5^7C541EE6%%content-header.html.php): failed to open stream: No such file or directory
Jul 19 15:08:28 +0530 OX-596f137c46c8a [  warning]  include(): Failed opening '/Users/yogeshingale/Sites/www/revive/var/templates_compiled/%%7C^7C5^7C541EE6%%content-header.html.php' for inclusion (include_path='/Users/yogeshingale/Sites/www/revive/lib/pear:/Users/yogeshingale/Sites/www/revive/lib:.:')
Jul 19 15:08:28 +0530 OX-596f137c46c8a [    error]  Smarty error: the $compile_dir '/Users/yogeshingale/Sites/www/revive/var/templates_compiled' does not exist, or is not a directory.
Jul 19 15:08:28 +0530 OX-596f137c46c8a [  warning]  include(/Users/yogeshingale/Sites/www/revive/var/templates_compiled/%%13^131^131103E5%%breadcrumbs-title.html.php): failed to open stream: No such file or directory
Jul 19 15:08:28 +0530 OX-596f137c46c8a [  warning]  include(): Failed opening '/Users/yogeshingale/Sites/www/revive/var/templates_compiled/%%13^131^131103E5%%breadcrumbs-title.html.php' for inclusion (include_path='/Users/yogeshingale/Sites/www/revive/lib/pear:/Users/yogeshingale/Sites/www/revive/lib:.:')
Jul 19 15:08:28 +0530 OX-596f137c46c8a [    error]  Smarty error: the $compile_dir '/Users/yogeshingale/Sites/www/revive/var/templates_compiled' does not exist, or is not a directory.
Jul 19 15:08:28 +0530 OX-596f137c46c8a [  warning]  include(/Users/yogeshingale/Sites/www/revive/var/templates_compiled/%%7C^7C3^7C37C96B%%section-navigation.html.php): failed to open stream: No such file or directory
Jul 19 15:08:28 +0530 OX-596f137c46c8a [  warning]  include(): Failed opening '/Users/yogeshingale/Sites/www/revive/var/templates_compiled/%%7C^7C3^7C37C96B%%section-navigation.html.php' for inclusion (include_path='/Users/yogeshingale/Sites/www/revive/lib/pear:/Users/yogeshingale/Sites/www/revive/lib:.:')
Jul 19 15:08:28 +0530 OX-596f137c46c8a [    error]  Smarty error: the $compile_dir '/Users/yogeshingale/Sites/www/revive/var/templates_compiled' does not exist, or is not a directory.
Jul 19 15:08:28 +0530 OX-596f137c46c8a [  warning]  include(/Users/yogeshingale/Sites/www/revive/var/templates_compiled/%%CA^CA0^CA064BAE%%check-step.html.php): failed to open stream: No such file or directory
Jul 19 15:08:28 +0530 OX-596f137c46c8a [  warning]  include(): Failed opening '/Users/yogeshingale/Sites/www/revive/var/templates_compiled/%%CA^CA0^CA064BAE%%check-step.html.php' for inclusion (include_path='/Users/yogeshingale/Sites/www/revive/lib/pear:/Users/yogeshingale/Sites/www/revive/lib:.:')
Jul 19 15:08:28 +0530 OX-596f137c46c8a [    error]  Smarty error: the $compile_dir '/Users/yogeshingale/Sites/www/revive/var/templates_compiled' does not exist, or is not a directory.
Jul 19 15:08:28 +0530 OX-596f137c46c8a [  warning]  include(/Users/yogeshingale/Sites/www/revive/var/templates_compiled/%%66^662^66282EE8%%wizard-steps.html.php): failed to open stream: No such file or directory
Jul 19 15:08:28 +0530 OX-596f137c46c8a [  warning]  include(): Failed opening '/Users/yogeshingale/Sites/www/revive/var/templates_compiled/%%66^662^66282EE8%%wizard-steps.html.php' for inclusion (include_path='/Users/yogeshingale/Sites/www/revive/lib/pear:/Users/yogeshingale/Sites/www/revive/lib:.:')
Jul 19 15:08:28 +0530 OX-596f137c46c8a [    error]  Smarty error: the $compile_dir '/Users/yogeshingale/Sites/www/revive/var/templates_compiled' does not exist, or is not a directory.
Jul 19 15:08:28 +0530 OX-596f137c46c8a [  warning]  include(/Users/yogeshingale/Sites/www/revive/var/templates_compiled/%%72^729^729250E1%%main.html.php): failed to open stream: No such file or directory
Jul 19 15:08:28 +0530 OX-596f137c46c8a [  warning]  include(): Failed opening '/Users/yogeshingale/Sites/www/revive/var/templates_compiled/%%72^729^729250E1%%main.html.php' for inclusion (include_path='/Users/yogeshingale/Sites/www/revive/lib/pear:/Users/yogeshingale/Sites/www/revive/lib:.:')
Jul 19 15:08:28 +0530 OX-596f137c46c8a [    error]  Smarty error: the $compile_dir '/Users/yogeshingale/Sites/www/revive/var/templates_compiled' does not exist, or is not a directory.
Jul 19 15:08:28 +0530 OX-596f137c46c8a [  warning]  include(/Users/yogeshingale/Sites/www/revive/var/templates_compiled/%%8D^8D7^8D794F90%%content-footer.html.php): failed to open stream: No such file or directory
Jul 19 15:08:28 +0530 OX-596f137c46c8a [  warning]  include(): Failed opening '/Users/yogeshingale/Sites/www/revive/var/templates_compiled/%%8D^8D7^8D794F90%%content-footer.html.php' for inclusion (include_path='/Users/yogeshingale/Sites/www/revive/lib/pear:/Users/yogeshingale/Sites/www/revive/lib:.:')
Jul 19 15:08:28 +0530 OX-596f137c46c8a [    error]  Smarty error: the $compile_dir '/Users/yogeshingale/Sites/www/revive/var/templates_compiled' does not exist, or is not a directory.
Jul 19 15:08:28 +0530 OX-596f137c46c8a [  warning]  include(/Users/yogeshingale/Sites/www/revive/var/templates_compiled/%%78^783^7838842A%%messages.html.php): failed to open stream: No such file or directory
Jul 19 15:08:28 +0530 OX-596f137c46c8a [  warning]  include(): Failed opening '/Users/yogeshingale/Sites/www/revive/var/templates_compiled/%%78^783^7838842A%%messages.html.php' for inclusion (include_path='/Users/yogeshingale/Sites/www/revive/lib/pear:/Users/yogeshingale/Sites/www/revive/lib:.:')
Jul 19 15:21:51 +0530 OX-596f169f5beb6 [    error]  Unable to drop table rv_account_preference_assoc
Jul 19 15:21:51 +0530 OX-596f169f5beb6 [    error]  Unable to drop the table account_preference_assoc
Jul 19 15:21:51 +0530 OX-596f169f5beb6 [    error]  Unable to drop table rv_account_user_assoc
Jul 19 15:21:51 +0530 OX-596f169f5beb6 [    error]  Unable to drop the table account_user_assoc
Jul 19 15:21:51 +0530 OX-596f169f5beb6 [    error]  Unable to drop table rv_account_user_permission_assoc
Jul 19 15:21:51 +0530 OX-596f169f5beb6 [    error]  Unable to drop the table account_user_permission_assoc
Jul 19 15:21:51 +0530 OX-596f169f5beb6 [    error]  Unable to drop table rv_accounts
Jul 19 15:21:51 +0530 OX-596f169f5beb6 [    error]  Unable to drop the table accounts
Jul 19 15:21:51 +0530 OX-596f169f5beb6 [    error]  Unable to drop table rv_acls
Jul 19 15:21:51 +0530 OX-596f169f5beb6 [    error]  Unable to drop the table acls
Jul 19 15:21:51 +0530 OX-596f169f5beb6 [    error]  Unable to drop table rv_acls_channel
Jul 19 15:21:51 +0530 OX-596f169f5beb6 [    error]  Unable to drop the table acls_channel
Jul 19 15:21:51 +0530 OX-596f169f5beb6 [    error]  Unable to drop table rv_ad_category_assoc
Jul 19 15:21:51 +0530 OX-596f169f5beb6 [    error]  Unable to drop the table ad_category_assoc
Jul 19 15:21:51 +0530 OX-596f169f5beb6 [    error]  Unable to drop table rv_ad_zone_assoc
Jul 19 15:21:51 +0530 OX-596f169f5beb6 [    error]  Unable to drop the table ad_zone_assoc
Jul 19 15:21:51 +0530 OX-596f169f5beb6 [    error]  Unable to drop table rv_affiliates
Jul 19 15:21:51 +0530 OX-596f169f5beb6 [    error]  Unable to drop the table affiliates
Jul 19 15:21:51 +0530 OX-596f169f5beb6 [    error]  Unable to drop table rv_affiliates_extra
Jul 19 15:21:51 +0530 OX-596f169f5beb6 [    error]  Unable to drop the table affiliates_extra
Jul 19 15:21:51 +0530 OX-596f169f5beb6 [    error]  Unable to drop table rv_agency
Jul 19 15:21:51 +0530 OX-596f169f5beb6 [    error]  Unable to drop the table agency
Jul 19 15:21:51 +0530 OX-596f169f5beb6 [    error]  Unable to drop table rv_application_variable
Jul 19 15:21:51 +0530 OX-596f169f5beb6 [    error]  Unable to drop the table application_variable
Jul 19 15:21:51 +0530 OX-596f169f5beb6 [    error]  Unable to drop table rv_audit
Jul 19 15:21:51 +0530 OX-596f169f5beb6 [    error]  Unable to drop the table audit
Jul 19 15:21:51 +0530 OX-596f169f5beb6 [    error]  Unable to drop table rv_banners
Jul 19 15:21:51 +0530 OX-596f169f5beb6 [    error]  Unable to drop the table banners
Jul 19 15:21:51 +0530 OX-596f169f5beb6 [    error]  Unable to drop table rv_campaigns
Jul 19 15:21:51 +0530 OX-596f169f5beb6 [    error]  Unable to drop the table campaigns
Jul 19 15:21:51 +0530 OX-596f169f5beb6 [    error]  Unable to drop table rv_campaigns_trackers
Jul 19 15:21:51 +0530 OX-596f169f5beb6 [    error]  Unable to drop the table campaigns_trackers
Jul 19 15:21:51 +0530 OX-596f169f5beb6 [    error]  Unable to drop table rv_category
Jul 19 15:21:51 +0530 OX-596f169f5beb6 [    error]  Unable to drop the table category
Jul 19 15:21:51 +0530 OX-596f169f5beb6 [    error]  Unable to drop table rv_channel
Jul 19 15:21:51 +0530 OX-596f169f5beb6 [    error]  Unable to drop the table channel
Jul 19 15:21:51 +0530 OX-596f169f5beb6 [    error]  Unable to drop table rv_clients
Jul 19 15:21:51 +0530 OX-596f169f5beb6 [    error]  Unable to drop the table clients
Jul 19 15:21:51 +0530 OX-596f169f5beb6 [    error]  Unable to drop table rv_data_intermediate_ad
Jul 19 15:21:51 +0530 OX-596f169f5beb6 [    error]  Unable to drop the table data_intermediate_ad
Jul 19 15:21:51 +0530 OX-596f169f5beb6 [    error]  Unable to drop table rv_data_intermediate_ad_connection
Jul 19 15:21:51 +0530 OX-596f169f5beb6 [    error]  Unable to drop the table data_intermediate_ad_connection
Jul 19 15:21:51 +0530 OX-596f169f5beb6 [    error]  Unable to drop table rv_data_intermediate_ad_variable_value
Jul 19 15:21:51 +0530 OX-596f169f5beb6 [    error]  Unable to drop the table data_intermediate_ad_variable_value
Jul 19 15:21:51 +0530 OX-596f169f5beb6 [    error]  Unable to drop table rv_data_raw_ad_click
Jul 19 15:21:51 +0530 OX-596f169f5beb6 [    error]  Unable to drop the table data_raw_ad_click
Jul 19 15:21:51 +0530 OX-596f169f5beb6 [    error]  Unable to drop table rv_data_raw_ad_impression
Jul 19 15:21:51 +0530 OX-596f169f5beb6 [    error]  Unable to drop the table data_raw_ad_impression
Jul 19 15:21:51 +0530 OX-596f169f5beb6 [    error]  Unable to drop table rv_data_raw_ad_request
Jul 19 15:21:51 +0530 OX-596f169f5beb6 [    error]  Unable to drop the table data_raw_ad_request
Jul 19 15:21:51 +0530 OX-596f169f5beb6 [    error]  Unable to drop table rv_data_raw_tracker_impression
Jul 19 15:21:51 +0530 OX-596f169f5beb6 [    error]  Unable to drop the table data_raw_tracker_impression
Jul 19 15:21:51 +0530 OX-596f169f5beb6 [    error]  Unable to drop table rv_data_raw_tracker_variable_value
Jul 19 15:21:51 +0530 OX-596f169f5beb6 [    error]  Unable to drop the table data_raw_tracker_variable_value
Jul 19 15:21:51 +0530 OX-596f169f5beb6 [    error]  Unable to drop table rv_data_summary_ad_hourly
Jul 19 15:21:51 +0530 OX-596f169f5beb6 [    error]  Unable to drop the table data_summary_ad_hourly
Jul 19 15:21:51 +0530 OX-596f169f5beb6 [    error]  Unable to drop table rv_data_summary_ad_zone_assoc
Jul 19 15:21:51 +0530 OX-596f169f5beb6 [    error]  Unable to drop the table data_summary_ad_zone_assoc
Jul 19 15:21:51 +0530 OX-596f169f5beb6 [    error]  Unable to drop table rv_data_summary_channel_daily
Jul 19 15:21:51 +0530 OX-596f169f5beb6 [    error]  Unable to drop the table data_summary_channel_daily
Jul 19 15:21:51 +0530 OX-596f169f5beb6 [    error]  Unable to drop table rv_data_summary_zone_impression_history
Jul 19 15:21:51 +0530 OX-596f169f5beb6 [    error]  Unable to drop the table data_summary_zone_impression_history
Jul 19 15:21:51 +0530 OX-596f169f5beb6 [    error]  Unable to drop table rv_images
Jul 19 15:21:51 +0530 OX-596f169f5beb6 [    error]  Unable to drop the table images
Jul 19 15:21:51 +0530 OX-596f169f5beb6 [    error]  Unable to drop table rv_log_maintenance_forecasting
Jul 19 15:21:51 +0530 OX-596f169f5beb6 [    error]  Unable to drop the table log_maintenance_forecasting
Jul 19 15:21:51 +0530 OX-596f169f5beb6 [    error]  Unable to drop table rv_log_maintenance_priority
Jul 19 15:21:51 +0530 OX-596f169f5beb6 [    error]  Unable to drop the table log_maintenance_priority
Jul 19 15:21:51 +0530 OX-596f169f5beb6 [    error]  Unable to drop table rv_log_maintenance_statistics
Jul 19 15:21:51 +0530 OX-596f169f5beb6 [    error]  Unable to drop the table log_maintenance_statistics
Jul 19 15:21:51 +0530 OX-596f169f5beb6 [    error]  Unable to drop table rv_password_recovery
Jul 19 15:21:51 +0530 OX-596f169f5beb6 [    error]  Unable to drop the table password_recovery
Jul 19 15:21:51 +0530 OX-596f169f5beb6 [    error]  Unable to drop table rv_placement_zone_assoc
Jul 19 15:21:51 +0530 OX-596f169f5beb6 [    error]  Unable to drop the table placement_zone_assoc
Jul 19 15:21:51 +0530 OX-596f169f5beb6 [    error]  Unable to drop table rv_preferences
Jul 19 15:21:51 +0530 OX-596f169f5beb6 [    error]  Unable to drop the table preferences
Jul 19 15:21:51 +0530 OX-596f169f5beb6 [    error]  Unable to drop table rv_session
Jul 19 15:21:51 +0530 OX-596f169f5beb6 [    error]  Unable to drop the table session
Jul 19 15:21:51 +0530 OX-596f169f5beb6 [    error]  Unable to drop table rv_targetstats
Jul 19 15:21:51 +0530 OX-596f169f5beb6 [    error]  Unable to drop the table targetstats
Jul 19 15:21:51 +0530 OX-596f169f5beb6 [    error]  Unable to drop table rv_tracker_append
Jul 19 15:21:51 +0530 OX-596f169f5beb6 [    error]  Unable to drop the table tracker_append
Jul 19 15:21:51 +0530 OX-596f169f5beb6 [    error]  Unable to drop table rv_trackers
Jul 19 15:21:51 +0530 OX-596f169f5beb6 [    error]  Unable to drop the table trackers
Jul 19 15:21:51 +0530 OX-596f169f5beb6 [    error]  Unable to drop table rv_userlog
Jul 19 15:21:51 +0530 OX-596f169f5beb6 [    error]  Unable to drop the table userlog
Jul 19 15:21:51 +0530 OX-596f169f5beb6 [    error]  Unable to drop table rv_users
Jul 19 15:21:51 +0530 OX-596f169f5beb6 [    error]  Unable to drop the table users
Jul 19 15:21:51 +0530 OX-596f169f5beb6 [    error]  Unable to drop table rv_variable_publisher
Jul 19 15:21:51 +0530 OX-596f169f5beb6 [    error]  Unable to drop the table variable_publisher
Jul 19 15:21:51 +0530 OX-596f169f5beb6 [    error]  Unable to drop table rv_variables
Jul 19 15:21:51 +0530 OX-596f169f5beb6 [    error]  Unable to drop the table variables
Jul 19 15:21:51 +0530 OX-596f169f5beb6 [    error]  Unable to drop table rv_zones
Jul 19 15:21:51 +0530 OX-596f169f5beb6 [    error]  Unable to drop the table zones
Jul 19 15:22:16 +0530 OX-plugins-596f16b858bf3 [     info]  starting _checkPackageContents openXBannerTypes.xml
Jul 19 15:22:16 +0530 OX-plugins-596f16b858bf3 [     info]  expecting definition openXBannerTypes.xml
Jul 19 15:22:16 +0530 OX-plugins-596f16b858bf3 [     info]  detected plugin definition file /plugins/etc/openXBannerTypes.xml
Jul 19 15:22:16 +0530 OX-plugins-596f16b858bf3 [     info]  detected group definition file /plugins/etc/oxText/oxText.xml
Jul 19 15:22:16 +0530 OX-plugins-596f16b858bf3 [     info]  detected group definition file /plugins/etc/oxHtml/oxHtml.xml
Jul 19 15:22:16 +0530 OX-plugins-596f16b858bf3 [     info]  Executing _checkOpenXCompatibility for oxHtml
Jul 19 15:22:16 +0530 OX-plugins-596f16b858bf3 [     info]  Executing _checkSystemEnvironment for oxHtml
Jul 19 15:22:16 +0530 OX-plugins-596f16b858bf3 [     info]  Executing _checkDatabaseEnvironment for oxHtml
Jul 19 15:22:16 +0530 OX-plugins-596f16b858bf3 [     info]  Executing _runScript for oxHtml
Jul 19 15:22:16 +0530 OX-plugins-596f16b858bf3 [     info]  Executing _checkDependenciesForInstallOrEnable for oxHtml
Jul 19 15:22:16 +0530 OX-plugins-596f16b858bf3 [     info]  Executing _checkFiles for oxHtml
Jul 19 15:22:16 +0530 OX-plugins-596f16b858bf3 [     info]  Executing _checkNavigationCheckers for oxHtml
Jul 19 15:22:16 +0530 OX-plugins-596f16b858bf3 [     info]  Executing _checkMenus for oxHtml
Jul 19 15:22:16 +0530 OX-plugins-596f16b858bf3 [     info]  Executing _registerSchema for oxHtml
Jul 19 15:22:16 +0530 OX-plugins-596f16b858bf3 [     info]  Executing _registerPreferences for oxHtml
Jul 19 15:22:16 +0530 OX-plugins-596f16b858bf3 [     info]  Executing _registerSettings for oxHtml
Jul 19 15:22:16 +0530 OX-plugins-596f16b858bf3 [     info]  Executing disableComponentGroup for oxHtml
Jul 19 15:22:16 +0530 OX-plugins-596f16b858bf3 [     info]  Executing _registerPluginVersion for oxHtml
Jul 19 15:22:16 +0530 OX-plugins-596f16b858bf3 [     info]  Executing _runScript for oxHtml
Jul 19 15:22:16 +0530 OX-plugins-596f16b858bf3 [     info]  Executing _checkOpenXCompatibility for oxText
Jul 19 15:22:16 +0530 OX-plugins-596f16b858bf3 [     info]  Executing _checkSystemEnvironment for oxText
Jul 19 15:22:16 +0530 OX-plugins-596f16b858bf3 [     info]  Executing _checkDatabaseEnvironment for oxText
Jul 19 15:22:16 +0530 OX-plugins-596f16b858bf3 [     info]  Executing _runScript for oxText
Jul 19 15:22:16 +0530 OX-plugins-596f16b858bf3 [     info]  Executing _checkDependenciesForInstallOrEnable for oxText
Jul 19 15:22:16 +0530 OX-plugins-596f16b858bf3 [     info]  Executing _checkFiles for oxText
Jul 19 15:22:16 +0530 OX-plugins-596f16b858bf3 [     info]  Executing _checkNavigationCheckers for oxText
Jul 19 15:22:16 +0530 OX-plugins-596f16b858bf3 [     info]  Executing _checkMenus for oxText
Jul 19 15:22:16 +0530 OX-plugins-596f16b858bf3 [     info]  Executing _registerSchema for oxText
Jul 19 15:22:16 +0530 OX-plugins-596f16b858bf3 [     info]  Executing _registerPreferences for oxText
Jul 19 15:22:16 +0530 OX-plugins-596f16b858bf3 [     info]  Executing _registerSettings for oxText
Jul 19 15:22:16 +0530 OX-plugins-596f16b858bf3 [     info]  Executing disableComponentGroup for oxText
Jul 19 15:22:16 +0530 OX-plugins-596f16b858bf3 [     info]  Executing _registerPluginVersion for oxText
Jul 19 15:22:16 +0530 OX-plugins-596f16b858bf3 [     info]  Executing _runScript for oxText
Jul 19 15:22:19 +0530 OX-plugins-596f16bb31091 [     info]  starting _checkPackageContents openXDeliveryLimitations.xml
Jul 19 15:22:19 +0530 OX-plugins-596f16bb31091 [     info]  expecting definition openXDeliveryLimitations.xml
Jul 19 15:22:19 +0530 OX-plugins-596f16bb31091 [     info]  detected group definition file /plugins/etc/Time/Time.xml
Jul 19 15:22:19 +0530 OX-plugins-596f16bb31091 [     info]  detected group definition file /plugins/etc/Site/Site.xml
Jul 19 15:22:19 +0530 OX-plugins-596f16bb31091 [     info]  detected group definition file /plugins/etc/Client/Client.xml
Jul 19 15:22:19 +0530 OX-plugins-596f16bb31091 [     info]  detected plugin definition file /plugins/etc/openXDeliveryLimitations.xml
Jul 19 15:22:19 +0530 OX-plugins-596f16bb31091 [     info]  detected group definition file /plugins/etc/Geo/Geo.xml
Jul 19 15:22:19 +0530 OX-plugins-596f16bb31091 [     info]  Executing _checkOpenXCompatibility for Client
Jul 19 15:22:19 +0530 OX-plugins-596f16bb31091 [     info]  Executing _checkSystemEnvironment for Client
Jul 19 15:22:19 +0530 OX-plugins-596f16bb31091 [     info]  Executing _checkDatabaseEnvironment for Client
Jul 19 15:22:19 +0530 OX-plugins-596f16bb31091 [     info]  Executing _runScript for Client
Jul 19 15:22:19 +0530 OX-plugins-596f16bb31091 [     info]  Executing _checkDependenciesForInstallOrEnable for Client
Jul 19 15:22:19 +0530 OX-plugins-596f16bb31091 [     info]  Executing _checkFiles for Client
Jul 19 15:22:19 +0530 OX-plugins-596f16bb31091 [     info]  Executing _checkNavigationCheckers for Client
Jul 19 15:22:19 +0530 OX-plugins-596f16bb31091 [     info]  Executing _checkMenus for Client
Jul 19 15:22:19 +0530 OX-plugins-596f16bb31091 [     info]  Executing _registerSchema for Client
Jul 19 15:22:19 +0530 OX-plugins-596f16bb31091 [     info]  Executing _registerPreferences for Client
Jul 19 15:22:19 +0530 OX-plugins-596f16bb31091 [     info]  Executing _registerSettings for Client
Jul 19 15:22:19 +0530 OX-plugins-596f16bb31091 [     info]  Executing disableComponentGroup for Client
Jul 19 15:22:19 +0530 OX-plugins-596f16bb31091 [     info]  Executing _registerPluginVersion for Client
Jul 19 15:22:19 +0530 OX-plugins-596f16bb31091 [     info]  Executing _runScript for Client
Jul 19 15:22:19 +0530 OX-plugins-596f16bb31091 [     info]  Executing _checkOpenXCompatibility for Geo
Jul 19 15:22:19 +0530 OX-plugins-596f16bb31091 [     info]  Executing _checkSystemEnvironment for Geo
Jul 19 15:22:19 +0530 OX-plugins-596f16bb31091 [     info]  Executing _checkDatabaseEnvironment for Geo
Jul 19 15:22:19 +0530 OX-plugins-596f16bb31091 [     info]  Executing _runScript for Geo
Jul 19 15:22:19 +0530 OX-plugins-596f16bb31091 [     info]  Executing _checkDependenciesForInstallOrEnable for Geo
Jul 19 15:22:19 +0530 OX-plugins-596f16bb31091 [     info]  Executing _checkFiles for Geo
Jul 19 15:22:19 +0530 OX-plugins-596f16bb31091 [     info]  Executing _checkNavigationCheckers for Geo
Jul 19 15:22:19 +0530 OX-plugins-596f16bb31091 [     info]  Executing _checkMenus for Geo
Jul 19 15:22:19 +0530 OX-plugins-596f16bb31091 [     info]  Executing _registerSchema for Geo
Jul 19 15:22:19 +0530 OX-plugins-596f16bb31091 [     info]  Executing _registerPreferences for Geo
Jul 19 15:22:19 +0530 OX-plugins-596f16bb31091 [     info]  Executing _registerSettings for Geo
Jul 19 15:22:19 +0530 OX-plugins-596f16bb31091 [     info]  Executing disableComponentGroup for Geo
Jul 19 15:22:19 +0530 OX-plugins-596f16bb31091 [     info]  Executing _registerPluginVersion for Geo
Jul 19 15:22:19 +0530 OX-plugins-596f16bb31091 [     info]  Executing _runScript for Geo
Jul 19 15:22:19 +0530 OX-plugins-596f16bb31091 [     info]  Executing _checkOpenXCompatibility for Site
Jul 19 15:22:19 +0530 OX-plugins-596f16bb31091 [     info]  Executing _checkSystemEnvironment for Site
Jul 19 15:22:19 +0530 OX-plugins-596f16bb31091 [     info]  Executing _checkDatabaseEnvironment for Site
Jul 19 15:22:19 +0530 OX-plugins-596f16bb31091 [     info]  Executing _runScript for Site
Jul 19 15:22:19 +0530 OX-plugins-596f16bb31091 [     info]  Executing _checkDependenciesForInstallOrEnable for Site
Jul 19 15:22:19 +0530 OX-plugins-596f16bb31091 [     info]  Executing _checkFiles for Site
Jul 19 15:22:19 +0530 OX-plugins-596f16bb31091 [     info]  Executing _checkNavigationCheckers for Site
Jul 19 15:22:19 +0530 OX-plugins-596f16bb31091 [     info]  Executing _checkMenus for Site
Jul 19 15:22:19 +0530 OX-plugins-596f16bb31091 [     info]  Executing _registerSchema for Site
Jul 19 15:22:19 +0530 OX-plugins-596f16bb31091 [     info]  Executing _registerPreferences for Site
Jul 19 15:22:19 +0530 OX-plugins-596f16bb31091 [     info]  Executing _registerSettings for Site
Jul 19 15:22:19 +0530 OX-plugins-596f16bb31091 [     info]  Executing disableComponentGroup for Site
Jul 19 15:22:19 +0530 OX-plugins-596f16bb31091 [     info]  Executing _registerPluginVersion for Site
Jul 19 15:22:19 +0530 OX-plugins-596f16bb31091 [     info]  Executing _runScript for Site
Jul 19 15:22:19 +0530 OX-plugins-596f16bb31091 [     info]  Executing _checkOpenXCompatibility for Time
Jul 19 15:22:19 +0530 OX-plugins-596f16bb31091 [     info]  Executing _checkSystemEnvironment for Time
Jul 19 15:22:19 +0530 OX-plugins-596f16bb31091 [     info]  Executing _checkDatabaseEnvironment for Time
Jul 19 15:22:19 +0530 OX-plugins-596f16bb31091 [     info]  Executing _runScript for Time
Jul 19 15:22:19 +0530 OX-plugins-596f16bb31091 [     info]  Executing _checkDependenciesForInstallOrEnable for Time
Jul 19 15:22:19 +0530 OX-plugins-596f16bb31091 [     info]  Executing _checkFiles for Time
Jul 19 15:22:19 +0530 OX-plugins-596f16bb31091 [     info]  Executing _checkNavigationCheckers for Time
Jul 19 15:22:19 +0530 OX-plugins-596f16bb31091 [     info]  Executing _checkMenus for Time
Jul 19 15:22:19 +0530 OX-plugins-596f16bb31091 [     info]  Executing _registerSchema for Time
Jul 19 15:22:19 +0530 OX-plugins-596f16bb31091 [     info]  Executing _registerPreferences for Time
Jul 19 15:22:19 +0530 OX-plugins-596f16bb31091 [     info]  Executing _registerSettings for Time
Jul 19 15:22:19 +0530 OX-plugins-596f16bb31091 [     info]  Executing disableComponentGroup for Time
Jul 19 15:22:19 +0530 OX-plugins-596f16bb31091 [     info]  Executing _registerPluginVersion for Time
Jul 19 15:22:19 +0530 OX-plugins-596f16bb31091 [     info]  Executing _runScript for Time
Jul 19 15:22:22 +0530 OX-plugins-596f16be1acb5 [     info]  starting _checkPackageContents openX3rdPartyServers.xml
Jul 19 15:22:22 +0530 OX-plugins-596f16be1acb5 [     info]  expecting definition openX3rdPartyServers.xml
Jul 19 15:22:22 +0530 OX-plugins-596f16be1acb5 [     info]  detected plugin definition file /plugins/etc/openX3rdPartyServers.xml
Jul 19 15:22:22 +0530 OX-plugins-596f16be1acb5 [     info]  detected group definition file /plugins/etc/ox3rdPartyServers/ox3rdPartyServers.xml
Jul 19 15:22:22 +0530 OX-plugins-596f16be1acb5 [     info]  Executing _checkOpenXCompatibility for ox3rdPartyServers
Jul 19 15:22:22 +0530 OX-plugins-596f16be1acb5 [     info]  Executing _checkSystemEnvironment for ox3rdPartyServers
Jul 19 15:22:22 +0530 OX-plugins-596f16be1acb5 [     info]  Executing _checkDatabaseEnvironment for ox3rdPartyServers
Jul 19 15:22:22 +0530 OX-plugins-596f16be1acb5 [     info]  Executing _runScript for ox3rdPartyServers
Jul 19 15:22:22 +0530 OX-plugins-596f16be1acb5 [     info]  Executing _checkDependenciesForInstallOrEnable for ox3rdPartyServers
Jul 19 15:22:22 +0530 OX-plugins-596f16be1acb5 [     info]  Executing _checkFiles for ox3rdPartyServers
Jul 19 15:22:22 +0530 OX-plugins-596f16be1acb5 [     info]  Executing _checkNavigationCheckers for ox3rdPartyServers
Jul 19 15:22:22 +0530 OX-plugins-596f16be1acb5 [     info]  Executing _checkMenus for ox3rdPartyServers
Jul 19 15:22:22 +0530 OX-plugins-596f16be1acb5 [     info]  Executing _registerSchema for ox3rdPartyServers
Jul 19 15:22:22 +0530 OX-plugins-596f16be1acb5 [     info]  Executing _registerPreferences for ox3rdPartyServers
Jul 19 15:22:22 +0530 OX-plugins-596f16be1acb5 [     info]  Executing _registerSettings for ox3rdPartyServers
Jul 19 15:22:22 +0530 OX-plugins-596f16be1acb5 [     info]  Executing disableComponentGroup for ox3rdPartyServers
Jul 19 15:22:22 +0530 OX-plugins-596f16be1acb5 [     info]  Executing _registerPluginVersion for ox3rdPartyServers
Jul 19 15:22:22 +0530 OX-plugins-596f16be1acb5 [     info]  Executing _runScript for ox3rdPartyServers
Jul 19 15:22:24 +0530 OX-plugins-596f16c0c2757 [     info]  starting _checkPackageContents openXReports.xml
Jul 19 15:22:24 +0530 OX-plugins-596f16c0c2757 [     info]  expecting definition openXReports.xml
Jul 19 15:22:24 +0530 OX-plugins-596f16c0c2757 [     info]  detected group definition file /plugins/etc/oxReportsAdmin/oxReportsAdmin.xml
Jul 19 15:22:24 +0530 OX-plugins-596f16c0c2757 [     info]  detected plugin definition file /plugins/etc/openXReports.xml
Jul 19 15:22:24 +0530 OX-plugins-596f16c0c2757 [     info]  detected group definition file /plugins/etc/oxReportsStandard/oxReportsStandard.xml
Jul 19 15:22:24 +0530 OX-plugins-596f16c0c2757 [     info]  Executing _checkOpenXCompatibility for oxReportsStandard
Jul 19 15:22:24 +0530 OX-plugins-596f16c0c2757 [     info]  Executing _checkSystemEnvironment for oxReportsStandard
Jul 19 15:22:24 +0530 OX-plugins-596f16c0c2757 [     info]  Executing _checkDatabaseEnvironment for oxReportsStandard
Jul 19 15:22:24 +0530 OX-plugins-596f16c0c2757 [     info]  Executing _runScript for oxReportsStandard
Jul 19 15:22:24 +0530 OX-plugins-596f16c0c2757 [     info]  Executing _checkDependenciesForInstallOrEnable for oxReportsStandard
Jul 19 15:22:24 +0530 OX-plugins-596f16c0c2757 [     info]  Executing _checkFiles for oxReportsStandard
Jul 19 15:22:24 +0530 OX-plugins-596f16c0c2757 [     info]  Executing _checkNavigationCheckers for oxReportsStandard
Jul 19 15:22:24 +0530 OX-plugins-596f16c0c2757 [     info]  Executing _checkMenus for oxReportsStandard
Jul 19 15:22:24 +0530 OX-plugins-596f16c0c2757 [     info]  Executing _registerSchema for oxReportsStandard
Jul 19 15:22:24 +0530 OX-plugins-596f16c0c2757 [     info]  Executing _registerPreferences for oxReportsStandard
Jul 19 15:22:24 +0530 OX-plugins-596f16c0c2757 [     info]  Executing _registerSettings for oxReportsStandard
Jul 19 15:22:24 +0530 OX-plugins-596f16c0c2757 [     info]  Executing disableComponentGroup for oxReportsStandard
Jul 19 15:22:24 +0530 OX-plugins-596f16c0c2757 [     info]  Executing _registerPluginVersion for oxReportsStandard
Jul 19 15:22:24 +0530 OX-plugins-596f16c0c2757 [     info]  Executing _runScript for oxReportsStandard
Jul 19 15:22:24 +0530 OX-plugins-596f16c0c2757 [     info]  Executing _checkOpenXCompatibility for oxReportsAdmin
Jul 19 15:22:24 +0530 OX-plugins-596f16c0c2757 [     info]  Executing _checkSystemEnvironment for oxReportsAdmin
Jul 19 15:22:24 +0530 OX-plugins-596f16c0c2757 [     info]  Executing _checkDatabaseEnvironment for oxReportsAdmin
Jul 19 15:22:24 +0530 OX-plugins-596f16c0c2757 [     info]  Executing _runScript for oxReportsAdmin
Jul 19 15:22:24 +0530 OX-plugins-596f16c0c2757 [     info]  Executing _checkDependenciesForInstallOrEnable for oxReportsAdmin
Jul 19 15:22:24 +0530 OX-plugins-596f16c0c2757 [     info]  Executing _checkFiles for oxReportsAdmin
Jul 19 15:22:24 +0530 OX-plugins-596f16c0c2757 [     info]  Executing _checkNavigationCheckers for oxReportsAdmin
Jul 19 15:22:24 +0530 OX-plugins-596f16c0c2757 [     info]  Executing _checkMenus for oxReportsAdmin
Jul 19 15:22:24 +0530 OX-plugins-596f16c0c2757 [     info]  Executing _registerSchema for oxReportsAdmin
Jul 19 15:22:24 +0530 OX-plugins-596f16c0c2757 [     info]  Executing _registerPreferences for oxReportsAdmin
Jul 19 15:22:24 +0530 OX-plugins-596f16c0c2757 [     info]  Executing _registerSettings for oxReportsAdmin
Jul 19 15:22:24 +0530 OX-plugins-596f16c0c2757 [     info]  Executing disableComponentGroup for oxReportsAdmin
Jul 19 15:22:24 +0530 OX-plugins-596f16c0c2757 [     info]  Executing _registerPluginVersion for oxReportsAdmin
Jul 19 15:22:24 +0530 OX-plugins-596f16c0c2757 [     info]  Executing _runScript for oxReportsAdmin
Jul 19 15:22:27 +0530 OX-plugins-596f16c3869b5 [     info]  starting _checkPackageContents openXDeliveryCacheStore.xml
Jul 19 15:22:27 +0530 OX-plugins-596f16c3869b5 [     info]  expecting definition openXDeliveryCacheStore.xml
Jul 19 15:22:27 +0530 OX-plugins-596f16c3869b5 [     info]  detected group definition file /plugins/etc/oxMemcached/oxMemcached.xml
Jul 19 15:22:27 +0530 OX-plugins-596f16c3869b5 [     info]  detected plugin definition file /plugins/etc/openXDeliveryCacheStore.xml
Jul 19 15:22:27 +0530 OX-plugins-596f16c3869b5 [     info]  detected group definition file /plugins/etc/oxCacheFile/oxCacheFile.xml
Jul 19 15:22:27 +0530 OX-plugins-596f16c3869b5 [     info]  Executing _checkOpenXCompatibility for oxCacheFile
Jul 19 15:22:27 +0530 OX-plugins-596f16c3869b5 [     info]  Executing _checkSystemEnvironment for oxCacheFile
Jul 19 15:22:27 +0530 OX-plugins-596f16c3869b5 [     info]  Executing _checkDatabaseEnvironment for oxCacheFile
Jul 19 15:22:27 +0530 OX-plugins-596f16c3869b5 [     info]  Executing _runScript for oxCacheFile
Jul 19 15:22:27 +0530 OX-plugins-596f16c3869b5 [     info]  Executing _checkDependenciesForInstallOrEnable for oxCacheFile
Jul 19 15:22:27 +0530 OX-plugins-596f16c3869b5 [     info]  Executing _checkFiles for oxCacheFile
Jul 19 15:22:27 +0530 OX-plugins-596f16c3869b5 [     info]  Executing _checkNavigationCheckers for oxCacheFile
Jul 19 15:22:27 +0530 OX-plugins-596f16c3869b5 [     info]  Executing _checkMenus for oxCacheFile
Jul 19 15:22:27 +0530 OX-plugins-596f16c3869b5 [     info]  Executing _registerSchema for oxCacheFile
Jul 19 15:22:27 +0530 OX-plugins-596f16c3869b5 [     info]  Executing _registerPreferences for oxCacheFile
Jul 19 15:22:27 +0530 OX-plugins-596f16c3869b5 [     info]  Executing _registerSettings for oxCacheFile
Jul 19 15:22:27 +0530 OX-plugins-596f16c3869b5 [     info]  Executing disableComponentGroup for oxCacheFile
Jul 19 15:22:27 +0530 OX-plugins-596f16c3869b5 [     info]  Executing _registerPluginVersion for oxCacheFile
Jul 19 15:22:27 +0530 OX-plugins-596f16c3869b5 [     info]  Executing _runScript for oxCacheFile
Jul 19 15:22:27 +0530 OX-plugins-596f16c3869b5 [     info]  Executing _checkOpenXCompatibility for oxMemcached
Jul 19 15:22:27 +0530 OX-plugins-596f16c3869b5 [     info]  Executing _checkSystemEnvironment for oxMemcached
Jul 19 15:22:27 +0530 OX-plugins-596f16c3869b5 [     info]  Executing _checkDatabaseEnvironment for oxMemcached
Jul 19 15:22:27 +0530 OX-plugins-596f16c3869b5 [     info]  Executing _runScript for oxMemcached
Jul 19 15:22:27 +0530 OX-plugins-596f16c3869b5 [     info]  Executing _checkDependenciesForInstallOrEnable for oxMemcached
Jul 19 15:22:27 +0530 OX-plugins-596f16c3869b5 [     info]  Executing _checkFiles for oxMemcached
Jul 19 15:22:27 +0530 OX-plugins-596f16c3869b5 [     info]  Executing _checkNavigationCheckers for oxMemcached
Jul 19 15:22:27 +0530 OX-plugins-596f16c3869b5 [     info]  Executing _checkMenus for oxMemcached
Jul 19 15:22:27 +0530 OX-plugins-596f16c3869b5 [     info]  Executing _registerSchema for oxMemcached
Jul 19 15:22:27 +0530 OX-plugins-596f16c3869b5 [     info]  Executing _registerPreferences for oxMemcached
Jul 19 15:22:27 +0530 OX-plugins-596f16c3869b5 [     info]  Executing _registerSettings for oxMemcached
Jul 19 15:22:27 +0530 OX-plugins-596f16c3869b5 [     info]  Executing disableComponentGroup for oxMemcached
Jul 19 15:22:27 +0530 OX-plugins-596f16c3869b5 [     info]  Executing _registerPluginVersion for oxMemcached
Jul 19 15:22:27 +0530 OX-plugins-596f16c3869b5 [     info]  Executing _runScript for oxMemcached
Jul 19 15:22:30 +0530 OX-plugins-596f16c657519 [     info]  starting _checkPackageContents openXMaxMindGeoIP.xml
Jul 19 15:22:30 +0530 OX-plugins-596f16c657519 [     info]  expecting definition openXMaxMindGeoIP.xml
Jul 19 15:22:30 +0530 OX-plugins-596f16c657519 [     info]  detected plugin definition file /plugins/etc/openXMaxMindGeoIP.xml
Jul 19 15:22:30 +0530 OX-plugins-596f16c657519 [     info]  detected group definition file /plugins/etc/oxMaxMindGeoIP/oxMaxMindGeoIP.xml
Jul 19 15:22:30 +0530 OX-plugins-596f16c657519 [     info]  Executing _checkOpenXCompatibility for oxMaxMindGeoIP
Jul 19 15:22:30 +0530 OX-plugins-596f16c657519 [     info]  Executing _checkSystemEnvironment for oxMaxMindGeoIP
Jul 19 15:22:30 +0530 OX-plugins-596f16c657519 [     info]  Executing _checkDatabaseEnvironment for oxMaxMindGeoIP
Jul 19 15:22:30 +0530 OX-plugins-596f16c657519 [     info]  Executing _runScript for oxMaxMindGeoIP
Jul 19 15:22:30 +0530 OX-plugins-596f16c657519 [     info]  Executing _checkDependenciesForInstallOrEnable for oxMaxMindGeoIP
Jul 19 15:22:30 +0530 OX-plugins-596f16c657519 [     info]  Executing _checkFiles for oxMaxMindGeoIP
Jul 19 15:22:30 +0530 OX-plugins-596f16c657519 [     info]  Executing _checkNavigationCheckers for oxMaxMindGeoIP
Jul 19 15:22:30 +0530 OX-plugins-596f16c657519 [     info]  Executing _checkMenus for oxMaxMindGeoIP
Jul 19 15:22:30 +0530 OX-plugins-596f16c657519 [     info]  Executing _registerSchema for oxMaxMindGeoIP
Jul 19 15:22:30 +0530 OX-plugins-596f16c657519 [     info]  Executing _registerPreferences for oxMaxMindGeoIP
Jul 19 15:22:30 +0530 OX-plugins-596f16c657519 [     info]  Executing _registerSettings for oxMaxMindGeoIP
Jul 19 15:22:30 +0530 OX-plugins-596f16c657519 [     info]  Executing disableComponentGroup for oxMaxMindGeoIP
Jul 19 15:22:30 +0530 OX-plugins-596f16c657519 [     info]  Executing _registerPluginVersion for oxMaxMindGeoIP
Jul 19 15:22:30 +0530 OX-plugins-596f16c657519 [     info]  Executing _runScript for oxMaxMindGeoIP
Jul 19 15:22:33 +0530 OX-plugins-596f16c911973 [     info]  starting _checkPackageContents openXInvocationTags.xml
Jul 19 15:22:33 +0530 OX-plugins-596f16c911973 [     info]  expecting definition openXInvocationTags.xml
Jul 19 15:22:33 +0530 OX-plugins-596f16c911973 [     info]  detected group definition file /plugins/etc/oxInvocationTags/oxInvocationTags.xml
Jul 19 15:22:33 +0530 OX-plugins-596f16c911973 [     info]  detected plugin definition file /plugins/etc/openXInvocationTags.xml
Jul 19 15:22:33 +0530 OX-plugins-596f16c911973 [     info]  Executing _checkOpenXCompatibility for oxInvocationTags
Jul 19 15:22:33 +0530 OX-plugins-596f16c911973 [     info]  Executing _checkSystemEnvironment for oxInvocationTags
Jul 19 15:22:33 +0530 OX-plugins-596f16c911973 [     info]  Executing _checkDatabaseEnvironment for oxInvocationTags
Jul 19 15:22:33 +0530 OX-plugins-596f16c911973 [     info]  Executing _runScript for oxInvocationTags
Jul 19 15:22:33 +0530 OX-plugins-596f16c911973 [     info]  Executing _checkDependenciesForInstallOrEnable for oxInvocationTags
Jul 19 15:22:33 +0530 OX-plugins-596f16c911973 [     info]  Executing _checkFiles for oxInvocationTags
Jul 19 15:22:33 +0530 OX-plugins-596f16c911973 [     info]  Executing _checkNavigationCheckers for oxInvocationTags
Jul 19 15:22:33 +0530 OX-plugins-596f16c911973 [     info]  Executing _checkMenus for oxInvocationTags
Jul 19 15:22:33 +0530 OX-plugins-596f16c911973 [     info]  Executing _registerSchema for oxInvocationTags
Jul 19 15:22:33 +0530 OX-plugins-596f16c911973 [     info]  Executing _registerPreferences for oxInvocationTags
Jul 19 15:22:33 +0530 OX-plugins-596f16c911973 [     info]  Executing _registerSettings for oxInvocationTags
Jul 19 15:22:33 +0530 OX-plugins-596f16c911973 [     info]  Executing disableComponentGroup for oxInvocationTags
Jul 19 15:22:33 +0530 OX-plugins-596f16c911973 [     info]  Executing _registerPluginVersion for oxInvocationTags
Jul 19 15:22:33 +0530 OX-plugins-596f16c911973 [     info]  Executing _runScript for oxInvocationTags
Jul 19 15:22:36 +0530 OX-plugins-596f16cc518f6 [     info]  starting _checkPackageContents openXDeliveryLog.xml
Jul 19 15:22:36 +0530 OX-plugins-596f16cc518f6 [     info]  expecting definition openXDeliveryLog.xml
Jul 19 15:22:36 +0530 OX-plugins-596f16cc518f6 [     info]  detected plugin definition file /plugins/etc/openXDeliveryLog.xml
Jul 19 15:22:36 +0530 OX-plugins-596f16cc518f6 [     info]  detected group definition file /plugins/etc/oxLogRequest/oxLogRequest.xml
Jul 19 15:22:36 +0530 OX-plugins-596f16cc518f6 [     info]  detected group definition file /plugins/etc/oxLogConversion/oxLogConversion.xml
Jul 19 15:22:36 +0530 OX-plugins-596f16cc518f6 [     info]  detected group definition file /plugins/etc/oxLogImpression/oxLogImpression.xml
Jul 19 15:22:36 +0530 OX-plugins-596f16cc518f6 [     info]  detected group definition file /plugins/etc/oxLogClick/oxLogClick.xml
Jul 19 15:22:36 +0530 OX-plugins-596f16cc518f6 [     info]  detected group definition file /plugins/etc/oxDeliveryDataPrepare/oxDeliveryDataPrepare.xml
Jul 19 15:22:36 +0530 OX-plugins-596f16cc518f6 [     info]  Executing _checkOpenXCompatibility for oxDeliveryDataPrepare
Jul 19 15:22:36 +0530 OX-plugins-596f16cc518f6 [     info]  Executing _checkSystemEnvironment for oxDeliveryDataPrepare
Jul 19 15:22:36 +0530 OX-plugins-596f16cc518f6 [     info]  Executing _checkDatabaseEnvironment for oxDeliveryDataPrepare
Jul 19 15:22:36 +0530 OX-plugins-596f16cc518f6 [     info]  Executing _runScript for oxDeliveryDataPrepare
Jul 19 15:22:36 +0530 OX-plugins-596f16cc518f6 [     info]  Executing _checkDependenciesForInstallOrEnable for oxDeliveryDataPrepare
Jul 19 15:22:36 +0530 OX-plugins-596f16cc518f6 [     info]  Executing _checkFiles for oxDeliveryDataPrepare
Jul 19 15:22:36 +0530 OX-plugins-596f16cc518f6 [     info]  Executing _checkNavigationCheckers for oxDeliveryDataPrepare
Jul 19 15:22:36 +0530 OX-plugins-596f16cc518f6 [     info]  Executing _checkMenus for oxDeliveryDataPrepare
Jul 19 15:22:36 +0530 OX-plugins-596f16cc518f6 [     info]  Executing _registerSchema for oxDeliveryDataPrepare
Jul 19 15:22:36 +0530 OX-plugins-596f16cc518f6 [    error]  Invalid source path to plugin dataobjects /Users/yogeshingale/Sites/www/revive/var/plugins/DataObjects/
Jul 19 15:22:36 +0530 OX-plugins-596f16cc518f6 [    error]  Failed to implement dataobjects for oxDeliveryDataPrepare
Jul 19 15:22:36 +0530 OX-plugins-596f16cc518f6 [    error]  Task failed _registerSchema
Jul 19 15:22:36 +0530 OX-plugins-596f16cc518f6 [     info]  Executing _runScript for oxDeliveryDataPrepare
Jul 19 15:22:36 +0530 OX-plugins-596f16cc518f6 [     info]  Executing _unregisterPluginVersion for oxDeliveryDataPrepare
Jul 19 15:22:36 +0530 OX-plugins-596f16cc518f6 [     info]  Executing _unregisterPreferences for oxDeliveryDataPrepare
Jul 19 15:22:36 +0530 OX-plugins-596f16cc518f6 [     info]  Executing _unregisterSettings for oxDeliveryDataPrepare
Jul 19 15:22:36 +0530 OX-plugins-596f16cc518f6 [     info]  Executing _unregisterSchema for oxDeliveryDataPrepare
Jul 19 15:22:36 +0530 OX-plugins-596f16cc518f6 [    error]  Unable to drop table rv_data_bkt_c
Jul 19 15:22:36 +0530 OX-plugins-596f16cc518f6 [    error]  Unable to drop table rv_data_bkt_m
Jul 19 15:22:36 +0530 OX-plugins-596f16cc518f6 [    error]  Unable to drop table rv_data_bkt_r
Jul 19 15:22:36 +0530 OX-plugins-596f16cc518f6 [    error]  Unable to drop table rv_data_bkt_a
Jul 19 15:22:36 +0530 OX-plugins-596f16cc518f6 [    error]  Unable to drop table rv_data_bkt_a_var
Jul 19 15:22:36 +0530 OX-plugins-596f16cc518f6 [    error]  Failed to write /Users/yogeshingale/Sites/www/revive/var/plugins/DataObjects/db_schema.ini
Jul 19 15:22:36 +0530 OX-plugins-596f16cc518f6 [    error]  Failed to recreate old dataobject cache
Jul 19 15:22:36 +0530 OX-plugins-596f16cc518f6 [    error]  Invalid source path to plugin dataobjects /Users/yogeshingale/Sites/www/revive/var/plugins/DataObjects/ for oxDeliveryDataPrepare
Jul 19 15:22:36 +0530 OX-plugins-596f16cc518f6 [    error]  Failed to remove dataobjects for oxDeliveryDataPrepare
Jul 19 15:22:36 +0530 OX-plugins-596f16cc518f6 [     info]  Executing _runScript for oxDeliveryDataPrepare
Jul 19 15:22:36 +0530 OX-plugins-596f16cc518f6 [     info]  Executing _removeFiles for oxDeliveryDataPrepare
Jul 19 15:22:36 +0530 OX-plugins-596f16cc518f6 [    error]  Failed to install oxDeliveryDataPrepare
Jul 19 15:22:36 +0530 OX-plugins-596f16cc518f6 [    error]  Failed to install plugins for package openXDeliveryLog
Jul 19 15:22:36 +0530 OX-plugins-596f16cc518f6 [     info]  Executing _runScript for oxDeliveryDataPrepare
Jul 19 15:22:36 +0530 OX-plugins-596f16cc518f6 [     info]  Executing _unregisterPluginVersion for oxDeliveryDataPrepare
Jul 19 15:22:36 +0530 OX-plugins-596f16cc518f6 [     info]  Executing _unregisterPreferences for oxDeliveryDataPrepare
Jul 19 15:22:36 +0530 OX-plugins-596f16cc518f6 [     info]  Executing _unregisterSettings for oxDeliveryDataPrepare
Jul 19 15:22:36 +0530 OX-plugins-596f16cc518f6 [     info]  Executing _unregisterSchema for oxDeliveryDataPrepare
Jul 19 15:22:36 +0530 OX-plugins-596f16cc518f6 [    error]  Unable to read the database XML schema file: /Users/yogeshingale/Sites/www/revive/plugins/etc/oxDeliveryDataPrepare/etc/tables_oxDeliveryDataPrepare.xml
Jul 19 15:22:36 +0530 OX-plugins-596f16cc518f6 [    error]  Failed to initialise table class for oxDeliveryDataPrepare
Jul 19 15:22:36 +0530 OX-plugins-596f16cc518f6 [    error]  Failed to drop tables for oxDeliveryDataPrepare
Jul 19 15:22:36 +0530 OX-plugins-596f16cc518f6 [    error]  Task failed _unregisterSchema
Jul 19 15:22:36 +0530 OX-plugins-596f16cc518f6 [    error]  Failed to uninstall oxDeliveryDataPrepare
Jul 19 15:22:40 +0530 OX-plugins-596f16d00ce17 [     info]  starting _checkPackageContents openXVideoAds.xml
Jul 19 15:22:40 +0530 OX-plugins-596f16d00ce17 [     info]  expecting definition openXVideoAds.xml
Jul 19 15:22:40 +0530 OX-plugins-596f16d00ce17 [     info]  detected group definition file /plugins/etc/videoReport/videoReport.xml
Jul 19 15:22:40 +0530 OX-plugins-596f16d00ce17 [     info]  detected group definition file /plugins/etc/oxLogVast/oxLogVast.xml
Jul 19 15:22:40 +0530 OX-plugins-596f16d00ce17 [     info]  detected plugin definition file /plugins/etc/openXVideoAds.xml
Jul 19 15:22:40 +0530 OX-plugins-596f16d00ce17 [     info]  detected group definition file /plugins/etc/vastInlineBannerTypeHtml/vastInlineBannerTypeHtml.xml
Jul 19 15:22:40 +0530 OX-plugins-596f16d00ce17 [     info]  detected group definition file /plugins/etc/vastServeVideoPlayer/vastServeVideoPlayer.xml
Jul 19 15:22:40 +0530 OX-plugins-596f16d00ce17 [     info]  detected group definition file /plugins/etc/vastOverlayBannerTypeHtml/vastOverlayBannerTypeHtml.xml
Jul 19 15:22:40 +0530 OX-plugins-596f16d00ce17 [     info]  Executing _checkOpenXCompatibility for vastInlineBannerTypeHtml
Jul 19 15:22:40 +0530 OX-plugins-596f16d00ce17 [     info]  Executing _checkSystemEnvironment for vastInlineBannerTypeHtml
Jul 19 15:22:40 +0530 OX-plugins-596f16d00ce17 [     info]  Executing _checkDatabaseEnvironment for vastInlineBannerTypeHtml
Jul 19 15:22:40 +0530 OX-plugins-596f16d00ce17 [     info]  Executing _runScript for vastInlineBannerTypeHtml
Jul 19 15:22:40 +0530 OX-plugins-596f16d00ce17 [     info]  Executing _checkDependenciesForInstallOrEnable for vastInlineBannerTypeHtml
Jul 19 15:22:40 +0530 OX-plugins-596f16d00ce17 [     info]  Executing _checkFiles for vastInlineBannerTypeHtml
Jul 19 15:22:40 +0530 OX-plugins-596f16d00ce17 [     info]  Executing _checkNavigationCheckers for vastInlineBannerTypeHtml
Jul 19 15:22:40 +0530 OX-plugins-596f16d00ce17 [     info]  Executing _checkMenus for vastInlineBannerTypeHtml
Jul 19 15:22:40 +0530 OX-plugins-596f16d00ce17 [     info]  Executing _registerSchema for vastInlineBannerTypeHtml
Jul 19 15:22:40 +0530 OX-plugins-596f16d00ce17 [    error]  Invalid source path to plugin dataobjects /Users/yogeshingale/Sites/www/revive/var/plugins/DataObjects/
Jul 19 15:22:40 +0530 OX-plugins-596f16d00ce17 [    error]  Failed to implement dataobjects for vastInlineBannerTypeHtml
Jul 19 15:22:40 +0530 OX-plugins-596f16d00ce17 [    error]  Task failed _registerSchema
Jul 19 15:22:40 +0530 OX-plugins-596f16d00ce17 [     info]  Executing _runScript for vastInlineBannerTypeHtml
Jul 19 15:22:40 +0530 OX-plugins-596f16d00ce17 [     info]  Executing _unregisterPluginVersion for vastInlineBannerTypeHtml
Jul 19 15:22:40 +0530 OX-plugins-596f16d00ce17 [     info]  Executing _unregisterPreferences for vastInlineBannerTypeHtml
Jul 19 15:22:40 +0530 OX-plugins-596f16d00ce17 [     info]  Executing _unregisterSettings for vastInlineBannerTypeHtml
Jul 19 15:22:40 +0530 OX-plugins-596f16d00ce17 [     info]  Executing _unregisterSchema for vastInlineBannerTypeHtml
Jul 19 15:22:40 +0530 OX-plugins-596f16d00ce17 [    error]  Unable to drop table rv_banner_vast_element
Jul 19 15:22:40 +0530 OX-plugins-596f16d00ce17 [    error]  Unable to drop table rv_data_bkt_vast_e
Jul 19 15:22:40 +0530 OX-plugins-596f16d00ce17 [    error]  Unable to drop table rv_stats_vast
Jul 19 15:22:40 +0530 OX-plugins-596f16d00ce17 [    error]  Failed to write /Users/yogeshingale/Sites/www/revive/var/plugins/DataObjects/db_schema.ini
Jul 19 15:22:40 +0530 OX-plugins-596f16d00ce17 [    error]  Failed to recreate old dataobject cache
Jul 19 15:22:40 +0530 OX-plugins-596f16d00ce17 [    error]  Invalid source path to plugin dataobjects /Users/yogeshingale/Sites/www/revive/var/plugins/DataObjects/ for vastInlineBannerTypeHtml
Jul 19 15:22:40 +0530 OX-plugins-596f16d00ce17 [    error]  Failed to remove dataobjects for vastInlineBannerTypeHtml
Jul 19 15:22:40 +0530 OX-plugins-596f16d00ce17 [     info]  Executing _runScript for vastInlineBannerTypeHtml
Jul 19 15:22:40 +0530 OX-plugins-596f16d00ce17 [     info]  Executing _removeFiles for vastInlineBannerTypeHtml
Jul 19 15:22:40 +0530 OX-plugins-596f16d00ce17 [    error]  Failed to install vastInlineBannerTypeHtml
Jul 19 15:22:40 +0530 OX-plugins-596f16d00ce17 [    error]  Failed to install plugins for package openXVideoAds
Jul 19 15:22:40 +0530 OX-plugins-596f16d00ce17 [     info]  Executing _runScript for vastInlineBannerTypeHtml
Jul 19 15:22:40 +0530 OX-plugins-596f16d00ce17 [     info]  Executing _unregisterPluginVersion for vastInlineBannerTypeHtml
Jul 19 15:22:40 +0530 OX-plugins-596f16d00ce17 [     info]  Executing _unregisterPreferences for vastInlineBannerTypeHtml
Jul 19 15:22:40 +0530 OX-plugins-596f16d00ce17 [     info]  Executing _unregisterSettings for vastInlineBannerTypeHtml
Jul 19 15:22:40 +0530 OX-plugins-596f16d00ce17 [     info]  Executing _unregisterSchema for vastInlineBannerTypeHtml
Jul 19 15:22:40 +0530 OX-plugins-596f16d00ce17 [    error]  Unable to read the database XML schema file: /Users/yogeshingale/Sites/www/revive/plugins/etc/vastInlineBannerTypeHtml/etc/tables_vastbannertypehtml.xml
Jul 19 15:22:40 +0530 OX-plugins-596f16d00ce17 [    error]  Failed to initialise table class for vastInlineBannerTypeHtml
Jul 19 15:22:40 +0530 OX-plugins-596f16d00ce17 [    error]  Failed to drop tables for vastInlineBannerTypeHtml
Jul 19 15:22:40 +0530 OX-plugins-596f16d00ce17 [    error]  Task failed _unregisterSchema
Jul 19 15:22:40 +0530 OX-plugins-596f16d00ce17 [    error]  Failed to uninstall vastInlineBannerTypeHtml
